<?xml version="1.0" encoding="UTF-8"?>
<testsuite name="ContactsComponentTest" tests="1" skipped="0" failures="0" errors="0" timestamp="2022-03-16T22:48:44" hostname="HP-Probook" time="0.031">
  <properties/>
  <testcase name="getRecentContacts" classname="ContactsComponentTest" time="0.031"/>
  <system-out><![CDATA[]]></system-out>
  <system-err><![CDATA[]]></system-err>
</testsuite>
